<?xml version="1.0" encoding="UTF-8"?>
<!-- Generated by org.testng.reporters.JUnitReportReporter -->
<testsuite hostname="DESKTOP-MOK7TM7" failures="0" tests="1" name="testngpkg.Fileuploadrobot" time="7.071" errors="0" timestamp="2024-10-25T14:55:56 IST" skipped="0">
  <testcase classname="testngpkg.Fileuploadrobot" name="fileuploadpgm" time="7.071"/>
  <system-out/>
</testsuite> <!-- testngpkg.Fileuploadrobot -->
