<?xml version="1.0" encoding="UTF-8"?>
<!-- Generated by org.testng.reporters.JUnitReportReporter -->
<testsuite hostname="DESKTOP-MOK7TM7" failures="0" tests="1" name="testngpkg.Ebay" time="3.829" errors="0" timestamp="2024-10-24T14:17:50 IST" skipped="0">
  <testcase classname="testngpkg.Ebay" name="test" time="3.829"/>
  <system-out/>
</testsuite> <!-- testngpkg.Ebay -->
