<?xml version="1.0" encoding="UTF-8"?>
<!-- Generated by org.testng.reporters.JUnitReportReporter -->
<testsuite hostname="DESKTOP-MOK7TM7" failures="0" tests="3" name="testngpkg.Crossbrowsertesting" time="7.311" errors="0" timestamp="2024-10-22T15:05:58 IST" skipped="0">
  <testcase classname="testngpkg.Crossbrowsertesting" name="test" time="2.375"/>
  <system-out/>
  <testcase classname="testngpkg.Crossbrowsertesting" name="test" time="2.249"/>
  <system-out/>
  <testcase classname="testngpkg.Crossbrowsertesting" name="test" time="2.687"/>
  <system-out/>
</testsuite> <!-- testngpkg.Crossbrowsertesting -->
