<?xml version="1.0" encoding="UTF-8"?>
<!-- Generated by org.testng.reporters.JUnitReportReporter -->
<testsuite hostname="DESKTOP-MOK7TM7" failures="0" tests="1" name="testngpkg.Loginvalidation" time="3.475" errors="0" timestamp="2024-10-28T14:11:49 IST" skipped="0">
  <testcase classname="testngpkg.Loginvalidation" name="main" time="3.475"/>
  <system-out/>
</testsuite> <!-- testngpkg.Loginvalidation -->
