<?xml version="1.0" encoding="UTF-8"?>
<!-- Generated by org.testng.reporters.JUnitReportReporter -->
<testsuite hostname="DESKTOP-MOK7TM7" failures="0" tests="1" name="testngpkg.Copypaste" time="0.723" errors="0" timestamp="2024-10-23T13:54:28 IST" skipped="0">
  <testcase classname="testngpkg.Copypaste" name="test" time="0.723"/>
  <system-out/>
</testsuite> <!-- testngpkg.Copypaste -->
