<?xml version="1.0" encoding="UTF-8"?>
<!-- Generated by org.testng.reporters.JUnitReportReporter -->
<testsuite hostname="DESKTOP-MOK7TM7" failures="0" tests="1" name="testngpkg.Doubleandright" time="3.535" errors="0" timestamp="2024-10-23T15:15:59 IST" skipped="0">
  <testcase classname="testngpkg.Doubleandright" name="test" time="3.535"/>
  <system-out/>
</testsuite> <!-- testngpkg.Doubleandright -->
