<?xml version="1.0" encoding="UTF-8"?>
<!-- Generated by org.testng.reporters.JUnitReportReporter -->
<testsuite hostname="DESKTOP-MOK7TM7" failures="0" tests="1" name="testngpkg.Santamonica" time="0.027" errors="0" timestamp="2024-11-05T13:50:55 IST" skipped="0">
  <testcase classname="testngpkg.Santamonica" name="test" time="0.027"/>
  <system-out/>
</testsuite> <!-- testngpkg.Santamonica -->
