<?xml version="1.0" encoding="UTF-8"?>
<!-- Generated by org.testng.reporters.JUnitReportReporter -->
<testsuite hostname="DESKTOP-MOK7TM7" failures="0" tests="4" name="testngpkg.Testngdemo" time="0.010" errors="0" timestamp="2024-10-18T14:56:31 IST" skipped="0">
  <testcase classname="testngpkg.Testngdemo" name="test1" time="0.002"/>
  <system-out/>
  <testcase classname="testngpkg.Testngdemo" name="test1" time="0.001"/>
  <system-out/>
  <testcase classname="testngpkg.Testngdemo" name="test1" time="0.001"/>
  <system-out/>
  <testcase classname="testngpkg.Testngdemo" name="test2" time="0.006"/>
  <system-out/>
</testsuite> <!-- testngpkg.Testngdemo -->
