<?xml version="1.0" encoding="UTF-8"?>
<!-- Generated by org.testng.reporters.JUnitReportReporter -->
<testsuite hostname="DESKTOP-MOK7TM7" failures="0" tests="1" name="testngpkg.Parameterisation" time="0.008" errors="0" timestamp="2024-10-22T13:51:01 IST" skipped="0">
  <testcase classname="testngpkg.Parameterisation" name="test" time="0.008"/>
  <system-out/>
</testsuite> <!-- testngpkg.Parameterisation -->
