<?xml version="1.0" encoding="UTF-8"?>
<!-- Generated by org.testng.reporters.JUnitReportReporter -->
<testsuite hostname="DESKTOP-MOK7TM7" failures="0" tests="1" name="testngpkg.Lenskart" time="5.641" errors="0" timestamp="2024-10-23T16:44:08 IST" skipped="0">
  <testcase classname="testngpkg.Lenskart" name="test" time="5.641"/>
  <system-out/>
</testsuite> <!-- testngpkg.Lenskart -->
